<?xml version="1.0" encoding="UTF-8"?>
<!-- Generated by org.testng.reporters.JUnitReportReporter -->
<testsuite hostname="DESKTOP-9TT09F0" failures="0" tests="2" name="com.testng.revision1.revise.invokeBrowserDynamically" time="6.628" errors="0" timestamp="2021-11-29T18:44:04 IST" skipped="0">
  <testcase classname="com.testng.revision1.revise.invokeBrowserDynamically" name="VerifyFacebook" time="1.803"/>
  <system-out/>
  <testcase classname="com.testng.revision1.revise.invokeBrowserDynamically" name="SetBrowser" time="4.825"/>
  <system-out/>
</testsuite> <!-- com.testng.revision1.revise.invokeBrowserDynamically -->
