<?xml version="1.0" encoding="UTF-8"?>
<!-- Generated by org.testng.reporters.JUnitReportReporter -->
<testsuite hostname="DESKTOP-9TT09F0" failures="0" tests="1" name="InvokeBrowserDynamically.FacebookTest" time="8.307" errors="0" timestamp="2021-11-29T19:39:33 IST" skipped="0">
  <testcase classname="InvokeBrowserDynamically.FacebookTest" name="FacebookLaunch" time="8.307"/>
  <system-out/>
</testsuite> <!-- InvokeBrowserDynamically.FacebookTest -->
